ISim log file
Running: D:\xilinx\5\fullgate\fullgate_isim_par.exe -intstyle ise -gui -tclbatch isim.cmd -wdb D:/xilinx/5/fullgate/fullgate_isim_par.wdb 
INFO: There is another simulation running in the same directory. Using database file name isim1.wdb.
ISim P.28xd (signature 0xa0883be4)
WARNING: A WEBPACK license was found.
WARNING: Please use Xilinx License Configuration Manager to check out a full ISim license.
WARNING: ISim will run in Lite mode. Please refer to the ISim documentation for more information on the differences between the Lite and the Full version.
This is a Lite version of ISim.
Time resolution is 1 ps
# onerror resume
# wave add /
# run 1000 ns
Simulator is doing circuit initialization process.
INFO: SDF backannotation was successful with SDF file netgen/par/full_timesim.sdf, for root module /fullgate/uut/.
Finished circuit initialization process.
# step
Stopped at time : 1100 ns : File "D:/xilinx/5/fullgate/fullgate.v" Line 57
# step
Stopped at time : 1100 ns : File "D:/xilinx/5/fullgate/fullgate.v" Line 58
# run 1.00us
# run 1.00us
# run 1.00us
# run 1.00us
# run all
Stopped at time : 9013428800 ns : File "D:/xilinx/5/fullgate/fullgate.v" Line 57
