--------------------------------------------------------------------------------
Release 14.2 Trace  (nt64)
Copyright (c) 1995-2012 Xilinx, Inc.  All rights reserved.

C:\Xilinx\14.2\ISE_DS\ISE\bin\nt64\unwrapped\trce.exe -intstyle ise -v 3 -s 4
-n 3 -fastpaths -xml fourbitadder.twx fourbitadder.ncd -o fourbitadder.twr
fourbitadder.pcf -ucf fourbitadder.ucf

Design file:              fourbitadder.ncd
Physical constraint file: fourbitadder.pcf
Device,package,speed:     xc3s200,pq208,-4 (PRODUCTION 1.39 2012-07-09)
Report level:             verbose report

Environment Variable      Effect 
--------------------      ------ 
NONE                      No environment variables were set
--------------------------------------------------------------------------------

INFO:Timing:2698 - No timing constraints found, doing default enumeration.
INFO:Timing:3412 - To improve timing, see the Timing Closure User Guide (UG612).
INFO:Timing:2752 - To get complete path coverage, use the unconstrained paths 
   option. All paths that are not constrained will be reported in the 
   unconstrained paths section(s) of the report.
INFO:Timing:3339 - The clock-to-out numbers in this timing report are based on 
   a 50 Ohm transmission line loading model.  For the details of this model, 
   and for more information on accounting for different loading conditions, 
   please see the device datasheet.
INFO:Timing:3390 - This architecture does not support a default System Jitter 
   value, please add SYSTEM_JITTER constraint to the UCF to modify the Clock 
   Uncertainty calculation.
INFO:Timing:3389 - This architecture does not support 'Discrete Jitter' and 
   'Phase Error' calculations, these terms will be zero in the Clock 
   Uncertainty calculation.  Please make appropriate modification to 
   SYSTEM_JITTER to account for the unsupported Discrete Jitter and Phase 
   Error.



Data Sheet report:
-----------------
All values displayed in nanoseconds (ns)

Pad to Pad
---------------+---------------+---------+
Source Pad     |Destination Pad|  Delay  |
---------------+---------------+---------+
A0             |C_out          |   12.958|
A0             |S0             |   10.226|
A0             |S1             |   10.564|
A0             |S2             |   11.384|
A0             |S3             |   11.547|
A1             |C_out          |   12.270|
A1             |S1             |   10.176|
A1             |S2             |   10.696|
A1             |S3             |   10.859|
A2             |C_out          |   11.679|
A2             |S2             |   10.232|
A2             |S3             |   10.268|
A3             |C_out          |   10.835|
A3             |S3             |    9.627|
B0             |C_out          |   13.451|
B0             |S0             |   10.846|
B0             |S1             |   11.057|
B0             |S2             |   11.877|
B0             |S3             |   12.040|
B1             |C_out          |   12.772|
B1             |S1             |   10.253|
B1             |S2             |   11.198|
B1             |S3             |   11.361|
B2             |C_out          |   11.817|
B2             |S2             |    9.930|
B2             |S3             |   10.406|
B3             |C_out          |   11.349|
B3             |S3             |    9.712|
C_in           |C_out          |   14.445|
C_in           |S0             |   11.400|
C_in           |S1             |   12.051|
C_in           |S2             |   12.871|
C_in           |S3             |   13.034|
---------------+---------------+---------+


Analysis completed Mon Sep 22 03:16:32 2014 
--------------------------------------------------------------------------------

Trace Settings:
-------------------------
Trace Settings 

Peak Memory Usage: 137 MB



