--------------------------------------------------------------------------------
Release 14.2 Trace  (nt64)
Copyright (c) 1995-2012 Xilinx, Inc.  All rights reserved.

C:\Xilinx\14.2\ISE_DS\ISE\bin\nt64\unwrapped\trce.exe -intstyle ise -v 3 -s 4
-n 3 -fastpaths -xml piano.twx piano.ncd -o piano.twr piano.pcf -ucf pin.ucf

Design file:              piano.ncd
Physical constraint file: piano.pcf
Device,package,speed:     xa3s200,pqg208,-4 (PRODUCTION 1.39 2012-07-09)
Report level:             verbose report

Environment Variable      Effect 
--------------------      ------ 
NONE                      No environment variables were set
--------------------------------------------------------------------------------

INFO:Timing:2698 - No timing constraints found, doing default enumeration.
INFO:Timing:3412 - To improve timing, see the Timing Closure User Guide (UG612).
INFO:Timing:2752 - To get complete path coverage, use the unconstrained paths 
   option. All paths that are not constrained will be reported in the 
   unconstrained paths section(s) of the report.
INFO:Timing:3339 - The clock-to-out numbers in this timing report are based on 
   a 50 Ohm transmission line loading model.  For the details of this model, 
   and for more information on accounting for different loading conditions, 
   please see the device datasheet.
INFO:Timing:3390 - This architecture does not support a default System Jitter 
   value, please add SYSTEM_JITTER constraint to the UCF to modify the Clock 
   Uncertainty calculation.
INFO:Timing:3389 - This architecture does not support 'Discrete Jitter' and 
   'Phase Error' calculations, these terms will be zero in the Clock 
   Uncertainty calculation.  Please make appropriate modification to 
   SYSTEM_JITTER to account for the unsupported Discrete Jitter and Phase 
   Error.



Data Sheet report:
-----------------
All values displayed in nanoseconds (ns)

Setup/Hold to clock clk
------------+------------+------------+------------------+--------+
            |Max Setup to|Max Hold to |                  | Clock  |
Source      | clk (edge) | clk (edge) |Internal Clock(s) | Phase  |
------------+------------+------------+------------------+--------+
a           |    6.324(R)|   -1.411(R)|clk_BUFGP         |   0.000|
b           |    6.628(R)|   -0.814(R)|clk_BUFGP         |   0.000|
c           |    6.561(R)|   -0.128(R)|clk_BUFGP         |   0.000|
d           |    6.185(R)|    0.335(R)|clk_BUFGP         |   0.000|
e           |    5.428(R)|    0.087(R)|clk_BUFGP         |   0.000|
f           |    4.298(R)|    0.381(R)|clk_BUFGP         |   0.000|
g           |    5.645(R)|   -1.384(R)|clk_BUFGP         |   0.000|
ha          |    5.782(R)|   -1.192(R)|clk_BUFGP         |   0.000|
------------+------------+------------+------------------+--------+

Clock clk to Pad
------------+------------+------------------+--------+
            | clk (edge) |                  | Clock  |
Destination |   to PAD   |Internal Clock(s) | Phase  |
------------+------------+------------------+--------+
piezo       |    8.405(R)|clk_BUFGP         |   0.000|
------------+------------+------------------+--------+

Clock to Setup on destination clock clk
---------------+---------+---------+---------+---------+
               | Src:Rise| Src:Fall| Src:Rise| Src:Fall|
Source Clock   |Dest:Rise|Dest:Rise|Dest:Fall|Dest:Fall|
---------------+---------+---------+---------+---------+
clk            |    9.710|         |         |         |
---------------+---------+---------+---------+---------+


Analysis completed Mon Nov 03 11:58:42 2014 
--------------------------------------------------------------------------------

Trace Settings:
-------------------------
Trace Settings 

Peak Memory Usage: 141 MB



