Release 14.2 - xst P.28xd (nt64)
Copyright (c) 1995-2012 Xilinx, Inc.  All rights reserved.
--> Parameter TMPDIR set to xst/projnav.tmp


Total REAL time to Xst completion: 0.00 secs
Total CPU time to Xst completion: 0.20 secs
 
--> Parameter xsthdpdir set to xst


Total REAL time to Xst completion: 0.00 secs
Total CPU time to Xst completion: 0.20 secs
 
--> Reading design: piano.prj

TABLE OF CONTENTS
  1) Synthesis Options Summary
  2) HDL Compilation
  3) Design Hierarchy Analysis
  4) HDL Analysis
  5) HDL Synthesis
     5.1) HDL Synthesis Report
  6) Advanced HDL Synthesis
     6.1) Advanced HDL Synthesis Report
  7) Low Level Synthesis
  8) Partition Report
  9) Final Report
	9.1) Device utilization summary
	9.2) Partition Resource Summary
	9.3) TIMING REPORT


=========================================================================
*                      Synthesis Options Summary                        *
=========================================================================
---- Source Parameters
Input File Name                    : "piano.prj"
Input Format                       : mixed
Ignore Synthesis Constraint File   : NO

---- Target Parameters
Output File Name                   : "piano"
Output Format                      : NGC
Target Device                      : xa3s200-4-pqg208

---- Source Options
Top Module Name                    : piano
Automatic FSM Extraction           : YES
FSM Encoding Algorithm             : Auto
Safe Implementation                : No
FSM Style                          : LUT
RAM Extraction                     : Yes
RAM Style                          : Auto
ROM Extraction                     : Yes
Mux Style                          : Auto
Decoder Extraction                 : YES
Priority Encoder Extraction        : Yes
Shift Register Extraction          : YES
Logical Shifter Extraction         : YES
XOR Collapsing                     : YES
ROM Style                          : Auto
Mux Extraction                     : Yes
Resource Sharing                   : YES
Asynchronous To Synchronous        : NO
Multiplier Style                   : Auto
Automatic Register Balancing       : No

---- Target Options
Add IO Buffers                     : YES
Global Maximum Fanout              : 500
Add Generic Clock Buffer(BUFG)     : 8
Register Duplication               : YES
Slice Packing                      : YES
Optimize Instantiated Primitives   : NO
Use Clock Enable                   : Yes
Use Synchronous Set                : Yes
Use Synchronous Reset              : Yes
Pack IO Registers into IOBs        : Auto
Equivalent register Removal        : YES

---- General Options
Optimization Goal                  : Speed
Optimization Effort                : 1
Keep Hierarchy                     : No
Netlist Hierarchy                  : As_Optimized
RTL Output                         : Yes
Global Optimization                : AllClockNets
Read Cores                         : YES
Write Timing Constraints           : NO
Cross Clock Analysis               : NO
Hierarchy Separator                : /
Bus Delimiter                      : <>
Case Specifier                     : Maintain
Slice Utilization Ratio            : 100
BRAM Utilization Ratio             : 100
Verilog 2001                       : YES
Auto BRAM Packing                  : NO
Slice Utilization Ratio Delta      : 5

=========================================================================


=========================================================================
*                          HDL Compilation                              *
=========================================================================
Compiling verilog file "piano.v" in library work
Module <piano> compiled
No errors in compilation
Analysis of file <"piano.prj"> succeeded.
 

=========================================================================
*                     Design Hierarchy Analysis                         *
=========================================================================
Analyzing hierarchy for module <piano> in library <work> with parameters.
	sa = "00000000000000000000011101110111"
	sb = "00000000000000000000011010100110"
	sc = "00000000000000000000010111101100"
	sd = "00000000000000000000010110010111"
	se = "00000000000000000000010011111011"
	sf = "00000000000000000000010001110000"
	sg = "00000000000000000000001111110100"
	sha = "00000000000000000000001110111011"


=========================================================================
*                            HDL Analysis                               *
=========================================================================
Analyzing top module <piano>.
	sa = 32'sb00000000000000000000011101110111
	sb = 32'sb00000000000000000000011010100110
	sc = 32'sb00000000000000000000010111101100
	sd = 32'sb00000000000000000000010110010111
	se = 32'sb00000000000000000000010011111011
	sf = 32'sb00000000000000000000010001110000
	sg = 32'sb00000000000000000000001111110100
	sha = 32'sb00000000000000000000001110111011
Module <piano> is correct for synthesis.
 

=========================================================================
*                           HDL Synthesis                               *
=========================================================================

Performing bidirectional port resolution...

Synthesizing Unit <piano>.
    Related source file is "piano.v".
    Found 1-bit register for signal <piezo>.
    Found 33-bit comparator less for signal <piezo$cmp_lt0000> created at line 36.
    Found 33-bit comparator less for signal <piezo$cmp_lt0001> created at line 44.
    Found 33-bit comparator less for signal <piezo$cmp_lt0002> created at line 52.
    Found 33-bit comparator less for signal <piezo$cmp_lt0003> created at line 60.
    Found 33-bit comparator less for signal <piezo$cmp_lt0004> created at line 68.
    Found 33-bit comparator less for signal <piezo$cmp_lt0005> created at line 76.
    Found 33-bit comparator less for signal <piezo$cmp_lt0006> created at line 84.
    Found 33-bit comparator less for signal <piezo$cmp_lt0007> created at line 92.
    Found 32-bit register for signal <sound>.
    Found 33-bit comparator greatequal for signal <sound$cmp_ge0000> created at line 36.
    Found 33-bit comparator greatequal for signal <sound$cmp_ge0001> created at line 44.
    Found 33-bit comparator greatequal for signal <sound$cmp_ge0002> created at line 52.
    Found 33-bit comparator greatequal for signal <sound$cmp_ge0003> created at line 60.
    Found 33-bit comparator greatequal for signal <sound$cmp_ge0004> created at line 68.
    Found 33-bit comparator greatequal for signal <sound$cmp_ge0005> created at line 76.
    Found 33-bit comparator greatequal for signal <sound$cmp_ge0006> created at line 84.
    Found 33-bit comparator greatequal for signal <sound$cmp_ge0007> created at line 92.
    Found 32-bit adder for signal <sound$share0000>.
    Summary:
	inferred  33 D-type flip-flop(s).
	inferred   1 Adder/Subtractor(s).
	inferred  16 Comparator(s).
Unit <piano> synthesized.

INFO:Xst:1767 - HDL ADVISOR - Resource sharing has identified that some arithmetic operations in this design can share the same physical resources for reduced device utilization. For improved clock frequency you may try to disable resource sharing.

=========================================================================
HDL Synthesis Report

Macro Statistics
# Adders/Subtractors                                   : 1
 32-bit adder                                          : 1
# Registers                                            : 2
 1-bit register                                        : 1
 32-bit register                                       : 1
# Comparators                                          : 16
 33-bit comparator greatequal                          : 8
 33-bit comparator less                                : 8

=========================================================================

=========================================================================
*                       Advanced HDL Synthesis                          *
=========================================================================


=========================================================================
Advanced HDL Synthesis Report

Macro Statistics
# Adders/Subtractors                                   : 1
 32-bit adder                                          : 1
# Registers                                            : 33
 Flip-Flops                                            : 33
# Comparators                                          : 16
 33-bit comparator greatequal                          : 8
 33-bit comparator less                                : 8

=========================================================================

=========================================================================
*                         Low Level Synthesis                           *
=========================================================================

Optimizing unit <piano> ...

Mapping all equations...
Building and optimizing final netlist ...
Found area constraint ratio of 100 (+ 5) on block piano, actual ratio is 6.

Final Macro Processing ...

=========================================================================
Final Register Report

Macro Statistics
# Registers                                            : 33
 Flip-Flops                                            : 33

=========================================================================

=========================================================================
*                           Partition Report                            *
=========================================================================

Partition Implementation Status
-------------------------------

  No Partitions were found in this design.

-------------------------------

=========================================================================
*                            Final Report                               *
=========================================================================
Final Results
RTL Top Level Output File Name     : piano.ngr
Top Level Output File Name         : piano
Output Format                      : NGC
Optimization Goal                  : Speed
Keep Hierarchy                     : No

Design Statistics
# IOs                              : 11

Cell Usage :
# BELS                             : 343
#      GND                         : 1
#      INV                         : 28
#      LUT1                        : 40
#      LUT2                        : 45
#      LUT2_D                      : 1
#      LUT3                        : 11
#      LUT4                        : 51
#      LUT4_D                      : 1
#      LUT4_L                      : 1
#      MUXCY                       : 129
#      MUXF5                       : 2
#      VCC                         : 1
#      XORCY                       : 32
# FlipFlops/Latches                : 33
#      FDC                         : 32
#      FDCE                        : 1
# Clock Buffers                    : 1
#      BUFGP                       : 1
# IO Buffers                       : 10
#      IBUF                        : 9
#      OBUF                        : 1
=========================================================================

Device utilization summary:
---------------------------

Selected Device : xa3s200pqg208-4 

 Number of Slices:                      115  out of   1920     5%  
 Number of Slice Flip Flops:             33  out of   3840     0%  
 Number of 4 input LUTs:                178  out of   3840     4%  
 Number of IOs:                          11
 Number of bonded IOBs:                  11  out of    141     7%  
 Number of GCLKs:                         1  out of      8    12%  

---------------------------
Partition Resource Summary:
---------------------------

  No Partitions were found in this design.

---------------------------


=========================================================================
TIMING REPORT

NOTE: THESE TIMING NUMBERS ARE ONLY A SYNTHESIS ESTIMATE.
      FOR ACCURATE TIMING INFORMATION PLEASE REFER TO THE TRACE REPORT
      GENERATED AFTER PLACE-and-ROUTE.

Clock Information:
------------------
-----------------------------------+------------------------+-------+
Clock Signal                       | Clock buffer(FF name)  | Load  |
-----------------------------------+------------------------+-------+
clk                                | BUFGP                  | 33    |
-----------------------------------+------------------------+-------+

Asynchronous Control Signals Information:
----------------------------------------
-----------------------------------+------------------------+-------+
Control Signal                     | Buffer(FF name)        | Load  |
-----------------------------------+------------------------+-------+
reset_inv(reset_inv1_INV_0:O)      | NONE(piezo)            | 33    |
-----------------------------------+------------------------+-------+

Timing Summary:
---------------
Speed Grade: -4

   Minimum period: 11.200ns (Maximum Frequency: 89.286MHz)
   Minimum input arrival time before clock: 8.242ns
   Maximum output required time after clock: 7.241ns
   Maximum combinational path delay: No path found

Timing Detail:
--------------
All values displayed in nanoseconds (ns)

=========================================================================
Timing constraint: Default period analysis for Clock 'clk'
  Clock period: 11.200ns (frequency: 89.286MHz)
  Total number of paths / destination ports: 15247 / 34
-------------------------------------------------------------------------
Delay:               11.200ns (Levels of Logic = 18)
  Source:            sound_2 (FF)
  Destination:       sound_0 (FF)
  Source Clock:      clk rising
  Destination Clock: clk rising

  Data Path: sound_2 to sound_0
                                Gate     Net
    Cell:in->out      fanout   Delay   Delay  Logical Name (Net Name)
    ----------------------------------------  ------------
     FDC:C->Q              8   0.720   1.422  sound_2 (sound_2)
     LUT2:I0->O            1   0.551   0.000  Mcompar_piezo_cmp_lt0001_lut<0>2 (Mcompar_piezo_cmp_lt0001_lut<0>2)
     MUXCY:S->O            1   0.500   0.000  Mcompar_piezo_cmp_lt0001_cy<0>_1 (Mcompar_piezo_cmp_lt0001_cy<0>2)
     MUXCY:CI->O           1   0.064   0.000  Mcompar_piezo_cmp_lt0001_cy<1>_1 (Mcompar_piezo_cmp_lt0001_cy<1>2)
     MUXCY:CI->O           1   0.064   0.000  Mcompar_piezo_cmp_lt0001_cy<2>_1 (Mcompar_piezo_cmp_lt0001_cy<2>2)
     MUXCY:CI->O           1   0.064   0.000  Mcompar_piezo_cmp_lt0001_cy<3>_1 (Mcompar_piezo_cmp_lt0001_cy<3>2)
     MUXCY:CI->O           1   0.064   0.000  Mcompar_piezo_cmp_lt0001_cy<4>_1 (Mcompar_piezo_cmp_lt0001_cy<4>2)
     MUXCY:CI->O           1   0.064   0.000  Mcompar_piezo_cmp_lt0001_cy<5>_1 (Mcompar_piezo_cmp_lt0001_cy<5>2)
     MUXCY:CI->O           1   0.064   0.000  Mcompar_piezo_cmp_lt0001_cy<6>_1 (Mcompar_piezo_cmp_lt0001_cy<6>2)
     MUXCY:CI->O           1   0.064   0.000  Mcompar_piezo_cmp_lt0001_cy<7>_1 (Mcompar_piezo_cmp_lt0001_cy<7>2)
     MUXCY:CI->O           1   0.064   0.000  Mcompar_piezo_cmp_lt0001_cy<8>_1 (Mcompar_piezo_cmp_lt0001_cy<8>2)
     MUXCY:CI->O           1   0.064   0.000  Mcompar_piezo_cmp_lt0001_cy<9>_1 (Mcompar_piezo_cmp_lt0001_cy<9>2)
     MUXCY:CI->O           1   0.064   0.000  Mcompar_piezo_cmp_lt0001_cy<10>_1 (Mcompar_piezo_cmp_lt0001_cy<10>2)
     MUXCY:CI->O           4   0.303   0.985  Mcompar_piezo_cmp_lt0001_cy<11>_1 (Mcompar_piezo_cmp_lt0001_cy<11>2)
     LUT3:I2->O            1   0.551   0.000  piezo_not0001114_SW1_G (N14)
     MUXF5:I1->O           1   0.360   0.827  piezo_not0001114_SW1 (N6)
     LUT4:I3->O            2   0.551   0.945  piezo_not0001170_SW1 (N9)
     LUT4:I2->O           17   0.551   1.540  piezo_not0001220_1 (piezo_not0001220)
     LUT2:I1->O            1   0.551   0.000  sound_mux0000<24>1 (sound_mux0000<24>)
     FDC:D                     0.203          sound_7
    ----------------------------------------
    Total                     11.200ns (5.481ns logic, 5.719ns route)
                                       (48.9% logic, 51.1% route)

=========================================================================
Timing constraint: Default OFFSET IN BEFORE for Clock 'clk'
  Total number of paths / destination ports: 635 / 34
-------------------------------------------------------------------------
Offset:              8.242ns (Levels of Logic = 6)
  Source:            b (PAD)
  Destination:       sound_0 (FF)
  Destination Clock: clk rising

  Data Path: b to sound_0
                                Gate     Net
    Cell:in->out      fanout   Delay   Delay  Logical Name (Net Name)
    ----------------------------------------  ------------
     IBUF:I->O             6   0.821   1.342  b_IBUF (b_IBUF)
     LUT3:I0->O            1   0.551   0.000  piezo_not0001114_SW1_G (N14)
     MUXF5:I1->O           1   0.360   0.827  piezo_not0001114_SW1 (N6)
     LUT4:I3->O            2   0.551   0.945  piezo_not0001170_SW1 (N9)
     LUT4:I2->O           17   0.551   1.540  piezo_not0001220_1 (piezo_not0001220)
     LUT2:I1->O            1   0.551   0.000  sound_mux0000<24>1 (sound_mux0000<24>)
     FDC:D                     0.203          sound_7
    ----------------------------------------
    Total                      8.242ns (3.588ns logic, 4.654ns route)
                                       (43.5% logic, 56.5% route)

=========================================================================
Timing constraint: Default OFFSET OUT AFTER for Clock 'clk'
  Total number of paths / destination ports: 1 / 1
-------------------------------------------------------------------------
Offset:              7.241ns (Levels of Logic = 1)
  Source:            piezo (FF)
  Destination:       piezo (PAD)
  Source Clock:      clk rising

  Data Path: piezo to piezo
                                Gate     Net
    Cell:in->out      fanout   Delay   Delay  Logical Name (Net Name)
    ----------------------------------------  ------------
     FDCE:C->Q             2   0.720   0.877  piezo (piezo_OBUF)
     OBUF:I->O                 5.644          piezo_OBUF (piezo)
    ----------------------------------------
    Total                      7.241ns (6.364ns logic, 0.877ns route)
                                       (87.9% logic, 12.1% route)

=========================================================================


Total REAL time to Xst completion: 9.00 secs
Total CPU time to Xst completion: 8.93 secs
 
--> 

Total memory usage is 254816 kilobytes

Number of errors   :    0 (   0 filtered)
Number of warnings :    0 (   0 filtered)
Number of infos    :    1 (   0 filtered)

