Release 14.2 - xst P.28xd (nt64)
Copyright (c) 1995-2012 Xilinx, Inc.  All rights reserved.
--> Parameter TMPDIR set to xst/projnav.tmp


Total REAL time to Xst completion: 0.00 secs
Total CPU time to Xst completion: 0.19 secs
 
--> Parameter xsthdpdir set to xst


Total REAL time to Xst completion: 0.00 secs
Total CPU time to Xst completion: 0.20 secs
 
--> Reading design: vend.prj

TABLE OF CONTENTS
  1) Synthesis Options Summary
  2) HDL Compilation
  3) Design Hierarchy Analysis
  4) HDL Analysis
  5) HDL Synthesis
     5.1) HDL Synthesis Report
  6) Advanced HDL Synthesis
     6.1) Advanced HDL Synthesis Report
  7) Low Level Synthesis
  8) Partition Report
  9) Final Report
	9.1) Device utilization summary
	9.2) Partition Resource Summary
	9.3) TIMING REPORT


=========================================================================
*                      Synthesis Options Summary                        *
=========================================================================
---- Source Parameters
Input File Name                    : "vend.prj"
Input Format                       : mixed
Ignore Synthesis Constraint File   : NO

---- Target Parameters
Output File Name                   : "vend"
Output Format                      : NGC
Target Device                      : xc3s200-4-pq208

---- Source Options
Top Module Name                    : vend
Automatic FSM Extraction           : YES
FSM Encoding Algorithm             : Auto
Safe Implementation                : No
FSM Style                          : LUT
RAM Extraction                     : Yes
RAM Style                          : Auto
ROM Extraction                     : Yes
Mux Style                          : Auto
Decoder Extraction                 : YES
Priority Encoder Extraction        : Yes
Shift Register Extraction          : YES
Logical Shifter Extraction         : YES
XOR Collapsing                     : YES
ROM Style                          : Auto
Mux Extraction                     : Yes
Resource Sharing                   : YES
Asynchronous To Synchronous        : NO
Multiplier Style                   : Auto
Automatic Register Balancing       : No

---- Target Options
Add IO Buffers                     : YES
Global Maximum Fanout              : 100000
Add Generic Clock Buffer(BUFG)     : 8
Register Duplication               : YES
Slice Packing                      : YES
Optimize Instantiated Primitives   : NO
Use Clock Enable                   : Yes
Use Synchronous Set                : Yes
Use Synchronous Reset              : Yes
Pack IO Registers into IOBs        : Auto
Equivalent register Removal        : YES

---- General Options
Optimization Goal                  : Speed
Optimization Effort                : 1
Keep Hierarchy                     : No
Netlist Hierarchy                  : As_Optimized
RTL Output                         : Yes
Global Optimization                : AllClockNets
Read Cores                         : YES
Write Timing Constraints           : NO
Cross Clock Analysis               : NO
Hierarchy Separator                : /
Bus Delimiter                      : <>
Case Specifier                     : Maintain
Slice Utilization Ratio            : 100
BRAM Utilization Ratio             : 100
Verilog 2001                       : YES
Auto BRAM Packing                  : NO
Slice Utilization Ratio Delta      : 5

=========================================================================


=========================================================================
*                          HDL Compilation                              *
=========================================================================
Compiling verilog file "vending_machine.v" in library work
Module <vend> compiled
No errors in compilation
Analysis of file <"vend.prj"> succeeded.
 

=========================================================================
*                     Design Hierarchy Analysis                         *
=========================================================================
Analyzing hierarchy for module <vend> in library <work> with parameters.
	s0 = "1000"
	s10 = "0010"
	s15 = "0001"
	s5 = "0100"


=========================================================================
*                            HDL Analysis                               *
=========================================================================
Analyzing top module <vend>.
	s0 = 4'b1000
	s10 = 4'b0010
	s15 = 4'b0001
	s5 = 4'b0100
Module <vend> is correct for synthesis.
 

=========================================================================
*                           HDL Synthesis                               *
=========================================================================

Performing bidirectional port resolution...

Synthesizing Unit <vend>.
    Related source file is "vending_machine.v".
    Found finite state machine <FSM_0> for signal <state>.
    -----------------------------------------------------------------------
    | States             | 4                                              |
    | Transitions        | 24                                             |
    | Inputs             | 5                                              |
    | Outputs            | 5                                              |
    | Clock              | clk                       (rising_edge)        |
    | Clock enable       | state$not0000             (positive)           |
    | Reset              | state$and0000             (positive)           |
    | Reset type         | synchronous                                    |
    | Reset State        | 1000                                           |
    | Encoding           | automatic                                      |
    | Implementation     | LUT                                            |
    -----------------------------------------------------------------------
WARNING:Xst:737 - Found 4-bit latch for signal <coin>. Latches may be generated from incomplete case or if statements. We do not recommend the use of latches in FPGA/CPLD designs, as they may lead to timing problems.
INFO:Xst:2371 - HDL ADVISOR - Logic functions respectively driving the data and gate enable inputs of this latch share common terms. This situation will potentially lead to setup/hold violations and, as a result, to simulation problems. This situation may come from an incomplete case statement (all selector values are not covered). You should carefully review if it was in your intentions to describe such a latch.
    Found 1-bit register for signal <en>.
    Summary:
	inferred   1 Finite State Machine(s).
	inferred   1 D-type flip-flop(s).
Unit <vend> synthesized.


=========================================================================
HDL Synthesis Report

Macro Statistics
# Registers                                            : 1
 1-bit register                                        : 1
# Latches                                              : 1
 4-bit latch                                           : 1

=========================================================================

=========================================================================
*                       Advanced HDL Synthesis                          *
=========================================================================

Analyzing FSM <FSM_0> for best encoding.
Optimizing FSM <state/FSM> on signal <state[1:2]> with sequential encoding.
-------------------
 State | Encoding
-------------------
 1000  | 00
 0100  | 01
 0010  | 10
 0001  | 11
-------------------

=========================================================================
Advanced HDL Synthesis Report

Macro Statistics
# FSMs                                                 : 1
# Registers                                            : 1
 Flip-Flops                                            : 1
# Latches                                              : 1
 4-bit latch                                           : 1

=========================================================================

=========================================================================
*                         Low Level Synthesis                           *
=========================================================================

Optimizing unit <vend> ...
WARNING:Xst:1294 - Latch <coin_0> is equivalent to a wire in block <vend>.
WARNING:Xst:1294 - Latch <coin_1> is equivalent to a wire in block <vend>.
WARNING:Xst:1294 - Latch <coin_2> is equivalent to a wire in block <vend>.
WARNING:Xst:1294 - Latch <coin_3> is equivalent to a wire in block <vend>.

Mapping all equations...
Building and optimizing final netlist ...
Found area constraint ratio of 100 (+ 5) on block vend, actual ratio is 0.

Final Macro Processing ...

=========================================================================
Final Register Report

Macro Statistics
# Registers                                            : 3
 Flip-Flops                                            : 3

=========================================================================

=========================================================================
*                           Partition Report                            *
=========================================================================

Partition Implementation Status
-------------------------------

  No Partitions were found in this design.

-------------------------------

=========================================================================
*                            Final Report                               *
=========================================================================
Final Results
RTL Top Level Output File Name     : vend.ngr
Top Level Output File Name         : vend
Output Format                      : NGC
Optimization Goal                  : Speed
Keep Hierarchy                     : No

Design Statistics
# IOs                              : 10

Cell Usage :
# BELS                             : 14
#      LUT2                        : 5
#      LUT4                        : 6
#      LUT4_L                      : 3
# FlipFlops/Latches                : 3
#      FDRE                        : 2
#      FDS                         : 1
# Clock Buffers                    : 1
#      BUFGP                       : 1
# IO Buffers                       : 9
#      IBUF                        : 5
#      OBUF                        : 4
=========================================================================

Device utilization summary:
---------------------------

Selected Device : 3s200pq208-4 

 Number of Slices:                        8  out of   1920     0%  
 Number of Slice Flip Flops:              3  out of   3840     0%  
 Number of 4 input LUTs:                 14  out of   3840     0%  
 Number of IOs:                          10
 Number of bonded IOBs:                  10  out of    141     7%  
 Number of GCLKs:                         1  out of      8    12%  

---------------------------
Partition Resource Summary:
---------------------------

  No Partitions were found in this design.

---------------------------


=========================================================================
TIMING REPORT

NOTE: THESE TIMING NUMBERS ARE ONLY A SYNTHESIS ESTIMATE.
      FOR ACCURATE TIMING INFORMATION PLEASE REFER TO THE TRACE REPORT
      GENERATED AFTER PLACE-and-ROUTE.

Clock Information:
------------------
-----------------------------------+------------------------+-------+
Clock Signal                       | Clock buffer(FF name)  | Load  |
-----------------------------------+------------------------+-------+
clk                                | BUFGP                  | 3     |
-----------------------------------+------------------------+-------+

Asynchronous Control Signals Information:
----------------------------------------
No asynchronous control signals found in this design

Timing Summary:
---------------
Speed Grade: -4

   Minimum period: 4.578ns (Maximum Frequency: 218.436MHz)
   Minimum input arrival time before clock: 4.784ns
   Maximum output required time after clock: 9.179ns
   Maximum combinational path delay: No path found

Timing Detail:
--------------
All values displayed in nanoseconds (ns)

=========================================================================
Timing constraint: Default period analysis for Clock 'clk'
  Clock period: 4.578ns (frequency: 218.436MHz)
  Total number of paths / destination ports: 18 / 6
-------------------------------------------------------------------------
Delay:               4.578ns (Levels of Logic = 2)
  Source:            state_FSM_FFd1 (FF)
  Destination:       state_FSM_FFd1 (FF)
  Source Clock:      clk rising
  Destination Clock: clk rising

  Data Path: state_FSM_FFd1 to state_FSM_FFd1
                                Gate     Net
    Cell:in->out      fanout   Delay   Delay  Logical Name (Net Name)
    ----------------------------------------  ------------
     FDRE:C->Q             8   0.720   1.151  state_FSM_FFd1 (state_FSM_FFd1)
     LUT4_L:I2->LO         1   0.551   0.126  state_not0001_SW0 (N10)
     LUT4:I3->O            2   0.551   0.877  state_not0001 (state_not0001)
     FDRE:CE                   0.602          state_FSM_FFd1
    ----------------------------------------
    Total                      4.578ns (2.424ns logic, 2.154ns route)
                                       (52.9% logic, 47.1% route)

=========================================================================
Timing constraint: Default OFFSET IN BEFORE for Clock 'clk'
  Total number of paths / destination ports: 25 / 8
-------------------------------------------------------------------------
Offset:              4.784ns (Levels of Logic = 3)
  Source:            obj2 (PAD)
  Destination:       state_FSM_FFd1 (FF)
  Destination Clock: clk rising

  Data Path: obj2 to state_FSM_FFd1
                                Gate     Net
    Cell:in->out      fanout   Delay   Delay  Logical Name (Net Name)
    ----------------------------------------  ------------
     IBUF:I->O             4   0.821   1.256  obj2_IBUF (obj2_IBUF)
     LUT4_L:I0->LO         1   0.551   0.126  state_not0001_SW0 (N10)
     LUT4:I3->O            2   0.551   0.877  state_not0001 (state_not0001)
     FDRE:CE                   0.602          state_FSM_FFd1
    ----------------------------------------
    Total                      4.784ns (2.525ns logic, 2.259ns route)
                                       (52.8% logic, 47.2% route)

=========================================================================
Timing constraint: Default OFFSET OUT AFTER for Clock 'clk'
  Total number of paths / destination ports: 8 / 4
-------------------------------------------------------------------------
Offset:              9.179ns (Levels of Logic = 2)
  Source:            state_FSM_FFd2 (FF)
  Destination:       coin<3> (PAD)
  Source Clock:      clk rising

  Data Path: state_FSM_FFd2 to coin<3>
                                Gate     Net
    Cell:in->out      fanout   Delay   Delay  Logical Name (Net Name)
    ----------------------------------------  ------------
     FDRE:C->Q             9   0.720   1.463  state_FSM_FFd2 (state_FSM_FFd2)
     LUT2:I0->O            1   0.551   0.801  state_FSM_Out31 (coin_0_OBUF)
     OBUF:I->O                 5.644          coin_0_OBUF (coin<0>)
    ----------------------------------------
    Total                      9.179ns (6.915ns logic, 2.264ns route)
                                       (75.3% logic, 24.7% route)

=========================================================================


Total REAL time to Xst completion: 8.00 secs
Total CPU time to Xst completion: 8.22 secs
 
--> 

Total memory usage is 251744 kilobytes

Number of errors   :    0 (   0 filtered)
Number of warnings :    5 (   0 filtered)
Number of infos    :    1 (   0 filtered)

