--------------------------------------------------------------------------------
Release 14.2 Trace  (nt)
Copyright (c) 1995-2012 Xilinx, Inc.  All rights reserved.

C:\Xilinx\14.2\ISE_DS\ISE\bin\nt\unwrapped\trce.exe -intstyle ise -v 3 -s 4 -n
3 -fastpaths -xml segment.twx segment.ncd -o segment.twr segment.pcf -ucf
pin.ucf

Design file:              segment.ncd
Physical constraint file: segment.pcf
Device,package,speed:     xc3s200,pq208,-4 (PRODUCTION 1.39 2012-07-09)
Report level:             verbose report

Environment Variable      Effect 
--------------------      ------ 
NONE                      No environment variables were set
--------------------------------------------------------------------------------

INFO:Timing:2698 - No timing constraints found, doing default enumeration.
INFO:Timing:3412 - To improve timing, see the Timing Closure User Guide (UG612).
INFO:Timing:2752 - To get complete path coverage, use the unconstrained paths 
   option. All paths that are not constrained will be reported in the 
   unconstrained paths section(s) of the report.
INFO:Timing:3339 - The clock-to-out numbers in this timing report are based on 
   a 50 Ohm transmission line loading model.  For the details of this model, 
   and for more information on accounting for different loading conditions, 
   please see the device datasheet.
INFO:Timing:3390 - This architecture does not support a default System Jitter 
   value, please add SYSTEM_JITTER constraint to the UCF to modify the Clock 
   Uncertainty calculation.
INFO:Timing:3389 - This architecture does not support 'Discrete Jitter' and 
   'Phase Error' calculations, these terms will be zero in the Clock 
   Uncertainty calculation.  Please make appropriate modification to 
   SYSTEM_JITTER to account for the unsupported Discrete Jitter and Phase 
   Error.



Data Sheet report:
-----------------
All values displayed in nanoseconds (ns)

Pad to Pad
---------------+---------------+---------+
Source Pad     |Destination Pad|  Delay  |
---------------+---------------+---------+
bcd<0>         |a              |   11.038|
bcd<0>         |b              |   11.441|
bcd<0>         |c              |   11.591|
bcd<0>         |d              |   11.907|
bcd<0>         |e              |   10.746|
bcd<0>         |f              |   11.076|
bcd<0>         |g              |   11.270|
bcd<1>         |a              |   11.483|
bcd<1>         |b              |   11.766|
bcd<1>         |c              |   11.688|
bcd<1>         |d              |   12.352|
bcd<1>         |e              |   11.417|
bcd<1>         |f              |   11.401|
bcd<1>         |g              |   11.282|
bcd<2>         |a              |   10.797|
bcd<2>         |b              |   11.158|
bcd<2>         |c              |   11.423|
bcd<2>         |d              |   11.666|
bcd<2>         |e              |   11.232|
bcd<2>         |f              |   10.793|
bcd<2>         |g              |   11.011|
bcd<3>         |a              |   10.571|
bcd<3>         |b              |   11.053|
bcd<3>         |c              |   10.778|
bcd<3>         |d              |   11.440|
bcd<3>         |e              |   11.505|
bcd<3>         |f              |   10.688|
bcd<3>         |g              |   10.442|
---------------+---------------+---------+


Analysis completed Sun Nov 02 22:37:57 2014 
--------------------------------------------------------------------------------

Trace Settings:
-------------------------
Trace Settings 

Peak Memory Usage: 94 MB



