Release 14.2 - xst P.28xd (nt)
Copyright (c) 1995-2012 Xilinx, Inc.  All rights reserved.
--> Parameter TMPDIR set to xst/projnav.tmp


Total REAL time to Xst completion: 2.00 secs
Total CPU time to Xst completion: 1.42 secs
 
--> Parameter xsthdpdir set to xst


Total REAL time to Xst completion: 2.00 secs
Total CPU time to Xst completion: 1.42 secs
 
--> Reading design: dynamic_segment.prj

TABLE OF CONTENTS
  1) Synthesis Options Summary
  2) HDL Compilation
  3) Design Hierarchy Analysis
  4) HDL Analysis
  5) HDL Synthesis
     5.1) HDL Synthesis Report
  6) Advanced HDL Synthesis
     6.1) Advanced HDL Synthesis Report
  7) Low Level Synthesis
  8) Partition Report
  9) Final Report
	9.1) Device utilization summary
	9.2) Partition Resource Summary
	9.3) TIMING REPORT


=========================================================================
*                      Synthesis Options Summary                        *
=========================================================================
---- Source Parameters
Input File Name                    : "dynamic_segment.prj"
Input Format                       : mixed
Ignore Synthesis Constraint File   : NO

---- Target Parameters
Output File Name                   : "dynamic_segment"
Output Format                      : NGC
Target Device                      : xc3s200-4-pq208

---- Source Options
Top Module Name                    : dynamic_segment
Automatic FSM Extraction           : YES
FSM Encoding Algorithm             : Auto
Safe Implementation                : No
FSM Style                          : LUT
RAM Extraction                     : Yes
RAM Style                          : Auto
ROM Extraction                     : Yes
Mux Style                          : Auto
Decoder Extraction                 : YES
Priority Encoder Extraction        : Yes
Shift Register Extraction          : YES
Logical Shifter Extraction         : YES
XOR Collapsing                     : YES
ROM Style                          : Auto
Mux Extraction                     : Yes
Resource Sharing                   : YES
Asynchronous To Synchronous        : NO
Multiplier Style                   : Auto
Automatic Register Balancing       : No

---- Target Options
Add IO Buffers                     : YES
Global Maximum Fanout              : 100000
Add Generic Clock Buffer(BUFG)     : 8
Register Duplication               : YES
Slice Packing                      : YES
Optimize Instantiated Primitives   : NO
Use Clock Enable                   : Yes
Use Synchronous Set                : Yes
Use Synchronous Reset              : Yes
Pack IO Registers into IOBs        : Auto
Equivalent register Removal        : YES

---- General Options
Optimization Goal                  : Speed
Optimization Effort                : 1
Keep Hierarchy                     : No
Netlist Hierarchy                  : As_Optimized
RTL Output                         : Yes
Global Optimization                : AllClockNets
Read Cores                         : YES
Write Timing Constraints           : NO
Cross Clock Analysis               : NO
Hierarchy Separator                : /
Bus Delimiter                      : <>
Case Specifier                     : Maintain
Slice Utilization Ratio            : 100
BRAM Utilization Ratio             : 100
Verilog 2001                       : YES
Auto BRAM Packing                  : NO
Slice Utilization Ratio Delta      : 5

=========================================================================


=========================================================================
*                          HDL Compilation                              *
=========================================================================
Compiling verilog file "dynamic_segment.v" in library work
Module <dynamic_segment> compiled
No errors in compilation
Analysis of file <"dynamic_segment.prj"> succeeded.
 

=========================================================================
*                     Design Hierarchy Analysis                         *
=========================================================================
Analyzing hierarchy for module <dynamic_segment> in library <work>.


=========================================================================
*                            HDL Analysis                               *
=========================================================================
Analyzing top module <dynamic_segment>.
Module <dynamic_segment> is correct for synthesis.
 

=========================================================================
*                           HDL Synthesis                               *
=========================================================================

Performing bidirectional port resolution...

Synthesizing Unit <dynamic_segment>.
    Related source file is "dynamic_segment.v".
    Found 4-bit register for signal <com>.
    Found 8-bit register for signal <data>.
    Found 32-bit up counter for signal <scan>.
    Found 33-bit comparator greater for signal <scan$cmp_gt0000> created at line 38.
    Summary:
	inferred   1 Counter(s).
	inferred  12 D-type flip-flop(s).
	inferred   1 Comparator(s).
Unit <dynamic_segment> synthesized.


=========================================================================
HDL Synthesis Report

Macro Statistics
# Counters                                             : 1
 32-bit up counter                                     : 1
# Registers                                            : 2
 4-bit register                                        : 1
 8-bit register                                        : 1
# Comparators                                          : 1
 33-bit comparator greater                             : 1

=========================================================================

=========================================================================
*                       Advanced HDL Synthesis                          *
=========================================================================

WARNING:Xst:1293 - FF/Latch <data_0> has a constant value of 0 in block <dynamic_segment>. This FF/Latch will be trimmed during the optimization process.

=========================================================================
Advanced HDL Synthesis Report

Macro Statistics
# Counters                                             : 1
 32-bit up counter                                     : 1
# Registers                                            : 12
 Flip-Flops                                            : 12
# Comparators                                          : 1
 33-bit comparator greater                             : 1

=========================================================================

=========================================================================
*                         Low Level Synthesis                           *
=========================================================================
WARNING:Xst:1293 - FF/Latch <data_0> has a constant value of 0 in block <dynamic_segment>. This FF/Latch will be trimmed during the optimization process.
INFO:Xst:2261 - The FF/Latch <data_4> in Unit <dynamic_segment> is equivalent to the following FF/Latch, which will be removed : <data_7> 

Optimizing unit <dynamic_segment> ...

Mapping all equations...
Building and optimizing final netlist ...
Found area constraint ratio of 100 (+ 5) on block dynamic_segment, actual ratio is 1.

Final Macro Processing ...

=========================================================================
Final Register Report

Macro Statistics
# Registers                                            : 42
 Flip-Flops                                            : 42

=========================================================================

=========================================================================
*                           Partition Report                            *
=========================================================================

Partition Implementation Status
-------------------------------

  No Partitions were found in this design.

-------------------------------

=========================================================================
*                            Final Report                               *
=========================================================================
Final Results
RTL Top Level Output File Name     : dynamic_segment.ngr
Top Level Output File Name         : dynamic_segment
Output Format                      : NGC
Optimization Goal                  : Speed
Keep Hierarchy                     : No

Design Statistics
# IOs                              : 14

Cell Usage :
# BELS                             : 144
#      GND                         : 1
#      INV                         : 4
#      LUT1                        : 1
#      LUT2                        : 33
#      LUT3                        : 4
#      LUT4                        : 18
#      MUXCY                       : 50
#      VCC                         : 1
#      XORCY                       : 32
# FlipFlops/Latches                : 42
#      FD                          : 5
#      FDC                         : 32
#      FDR                         : 2
#      FDS                         : 3
# Clock Buffers                    : 1
#      BUFGP                       : 1
# IO Buffers                       : 13
#      IBUF                        : 1
#      OBUF                        : 12
=========================================================================

Device utilization summary:
---------------------------

Selected Device : 3s200pq208-4 

 Number of Slices:                       33  out of   1920     1%  
 Number of Slice Flip Flops:             42  out of   3840     1%  
 Number of 4 input LUTs:                 60  out of   3840     1%  
 Number of IOs:                          14
 Number of bonded IOBs:                  14  out of    141     9%  
 Number of GCLKs:                         1  out of      8    12%  

---------------------------
Partition Resource Summary:
---------------------------

  No Partitions were found in this design.

---------------------------


=========================================================================
TIMING REPORT

NOTE: THESE TIMING NUMBERS ARE ONLY A SYNTHESIS ESTIMATE.
      FOR ACCURATE TIMING INFORMATION PLEASE REFER TO THE TRACE REPORT
      GENERATED AFTER PLACE-and-ROUTE.

Clock Information:
------------------
-----------------------------------+------------------------+-------+
Clock Signal                       | Clock buffer(FF name)  | Load  |
-----------------------------------+------------------------+-------+
clk                                | BUFGP                  | 42    |
-----------------------------------+------------------------+-------+

Asynchronous Control Signals Information:
----------------------------------------
-----------------------------------+------------------------+-------+
Control Signal                     | Buffer(FF name)        | Load  |
-----------------------------------+------------------------+-------+
reset_inv(reset_inv1_INV_0:O)      | NONE(scan_0)           | 32    |
-----------------------------------+------------------------+-------+

Timing Summary:
---------------
Speed Grade: -4

   Minimum period: 10.016ns (Maximum Frequency: 99.842MHz)
   Minimum input arrival time before clock: No path found
   Maximum output required time after clock: 7.241ns
   Maximum combinational path delay: No path found

Timing Detail:
--------------
All values displayed in nanoseconds (ns)

=========================================================================
Timing constraint: Default period analysis for Clock 'clk'
  Clock period: 10.016ns (frequency: 99.842MHz)
  Total number of paths / destination ports: 19887 / 46
-------------------------------------------------------------------------
Delay:               10.016ns (Levels of Logic = 45)
  Source:            scan_0 (FF)
  Destination:       scan_31 (FF)
  Source Clock:      clk rising
  Destination Clock: clk rising

  Data Path: scan_0 to scan_31
                                Gate     Net
    Cell:in->out      fanout   Delay   Delay  Logical Name (Net Name)
    ----------------------------------------  ------------
     FDC:C->Q             10   0.720   1.473  scan_0 (scan_0)
     LUT2:I0->O            1   0.551   0.000  Mcompar_scan_cmp_gt0000_lut<0> (Mcompar_scan_cmp_gt0000_lut<0>)
     MUXCY:S->O            1   0.500   0.000  Mcompar_scan_cmp_gt0000_cy<0> (Mcompar_scan_cmp_gt0000_cy<0>)
     MUXCY:CI->O           1   0.064   0.000  Mcompar_scan_cmp_gt0000_cy<1> (Mcompar_scan_cmp_gt0000_cy<1>)
     MUXCY:CI->O           1   0.064   0.000  Mcompar_scan_cmp_gt0000_cy<2> (Mcompar_scan_cmp_gt0000_cy<2>)
     MUXCY:CI->O           1   0.064   0.000  Mcompar_scan_cmp_gt0000_cy<3> (Mcompar_scan_cmp_gt0000_cy<3>)
     MUXCY:CI->O           1   0.064   0.000  Mcompar_scan_cmp_gt0000_cy<4> (Mcompar_scan_cmp_gt0000_cy<4>)
     MUXCY:CI->O           1   0.064   0.000  Mcompar_scan_cmp_gt0000_cy<5> (Mcompar_scan_cmp_gt0000_cy<5>)
     MUXCY:CI->O           1   0.064   0.000  Mcompar_scan_cmp_gt0000_cy<6> (Mcompar_scan_cmp_gt0000_cy<6>)
     MUXCY:CI->O           1   0.064   0.000  Mcompar_scan_cmp_gt0000_cy<7> (Mcompar_scan_cmp_gt0000_cy<7>)
     MUXCY:CI->O           1   0.064   0.000  Mcompar_scan_cmp_gt0000_cy<8> (Mcompar_scan_cmp_gt0000_cy<8>)
     MUXCY:CI->O           1   0.064   0.000  Mcompar_scan_cmp_gt0000_cy<9> (Mcompar_scan_cmp_gt0000_cy<9>)
     MUXCY:CI->O          33   0.064   2.054  Mcompar_scan_cmp_gt0000_cy<10> (Mcompar_scan_cmp_gt0000_cy<10>)
     LUT2:I1->O            1   0.551   0.000  Mcount_scan_lut<0> (Mcount_scan_lut<0>)
     MUXCY:S->O            1   0.500   0.000  Mcount_scan_cy<0> (Mcount_scan_cy<0>)
     MUXCY:CI->O           1   0.064   0.000  Mcount_scan_cy<1> (Mcount_scan_cy<1>)
     MUXCY:CI->O           1   0.064   0.000  Mcount_scan_cy<2> (Mcount_scan_cy<2>)
     MUXCY:CI->O           1   0.064   0.000  Mcount_scan_cy<3> (Mcount_scan_cy<3>)
     MUXCY:CI->O           1   0.064   0.000  Mcount_scan_cy<4> (Mcount_scan_cy<4>)
     MUXCY:CI->O           1   0.064   0.000  Mcount_scan_cy<5> (Mcount_scan_cy<5>)
     MUXCY:CI->O           1   0.064   0.000  Mcount_scan_cy<6> (Mcount_scan_cy<6>)
     MUXCY:CI->O           1   0.064   0.000  Mcount_scan_cy<7> (Mcount_scan_cy<7>)
     MUXCY:CI->O           1   0.064   0.000  Mcount_scan_cy<8> (Mcount_scan_cy<8>)
     MUXCY:CI->O           1   0.064   0.000  Mcount_scan_cy<9> (Mcount_scan_cy<9>)
     MUXCY:CI->O           1   0.064   0.000  Mcount_scan_cy<10> (Mcount_scan_cy<10>)
     MUXCY:CI->O           1   0.064   0.000  Mcount_scan_cy<11> (Mcount_scan_cy<11>)
     MUXCY:CI->O           1   0.064   0.000  Mcount_scan_cy<12> (Mcount_scan_cy<12>)
     MUXCY:CI->O           1   0.064   0.000  Mcount_scan_cy<13> (Mcount_scan_cy<13>)
     MUXCY:CI->O           1   0.064   0.000  Mcount_scan_cy<14> (Mcount_scan_cy<14>)
     MUXCY:CI->O           1   0.064   0.000  Mcount_scan_cy<15> (Mcount_scan_cy<15>)
     MUXCY:CI->O           1   0.064   0.000  Mcount_scan_cy<16> (Mcount_scan_cy<16>)
     MUXCY:CI->O           1   0.064   0.000  Mcount_scan_cy<17> (Mcount_scan_cy<17>)
     MUXCY:CI->O           1   0.064   0.000  Mcount_scan_cy<18> (Mcount_scan_cy<18>)
     MUXCY:CI->O           1   0.064   0.000  Mcount_scan_cy<19> (Mcount_scan_cy<19>)
     MUXCY:CI->O           1   0.064   0.000  Mcount_scan_cy<20> (Mcount_scan_cy<20>)
     MUXCY:CI->O           1   0.064   0.000  Mcount_scan_cy<21> (Mcount_scan_cy<21>)
     MUXCY:CI->O           1   0.064   0.000  Mcount_scan_cy<22> (Mcount_scan_cy<22>)
     MUXCY:CI->O           1   0.064   0.000  Mcount_scan_cy<23> (Mcount_scan_cy<23>)
     MUXCY:CI->O           1   0.064   0.000  Mcount_scan_cy<24> (Mcount_scan_cy<24>)
     MUXCY:CI->O           1   0.064   0.000  Mcount_scan_cy<25> (Mcount_scan_cy<25>)
     MUXCY:CI->O           1   0.064   0.000  Mcount_scan_cy<26> (Mcount_scan_cy<26>)
     MUXCY:CI->O           1   0.064   0.000  Mcount_scan_cy<27> (Mcount_scan_cy<27>)
     MUXCY:CI->O           1   0.064   0.000  Mcount_scan_cy<28> (Mcount_scan_cy<28>)
     MUXCY:CI->O           1   0.064   0.000  Mcount_scan_cy<29> (Mcount_scan_cy<29>)
     MUXCY:CI->O           0   0.064   0.000  Mcount_scan_cy<30> (Mcount_scan_cy<30>)
     XORCY:CI->O           1   0.904   0.000  Mcount_scan_xor<31> (Mcount_scan31)
     FDC:D                     0.203          scan_31
    ----------------------------------------
    Total                     10.016ns (6.489ns logic, 3.527ns route)
                                       (64.8% logic, 35.2% route)

=========================================================================
Timing constraint: Default OFFSET OUT AFTER for Clock 'clk'
  Total number of paths / destination ports: 11 / 11
-------------------------------------------------------------------------
Offset:              7.241ns (Levels of Logic = 1)
  Source:            data_4 (FF)
  Destination:       data<7> (PAD)
  Source Clock:      clk rising

  Data Path: data_4 to data<7>
                                Gate     Net
    Cell:in->out      fanout   Delay   Delay  Logical Name (Net Name)
    ----------------------------------------  ------------
     FD:C->Q               2   0.720   0.877  data_4 (data_4)
     OBUF:I->O                 5.644          data_7_OBUF (data<7>)
    ----------------------------------------
    Total                      7.241ns (6.364ns logic, 0.877ns route)
                                       (87.9% logic, 12.1% route)

=========================================================================


Total REAL time to Xst completion: 26.00 secs
Total CPU time to Xst completion: 25.38 secs
 
--> 

Total memory usage is 148968 kilobytes

Number of errors   :    0 (   0 filtered)
Number of warnings :    2 (   0 filtered)
Number of infos    :    1 (   0 filtered)

