Release 14.7 - xst P.20131013 (nt64)
Copyright (c) 1995-2013 Xilinx, Inc.  All rights reserved.
--> Parameter TMPDIR set to xst/projnav.tmp


Total REAL time to Xst completion: 0.00 secs
Total CPU time to Xst completion: 0.10 secs
 
--> Parameter xsthdpdir set to xst


Total REAL time to Xst completion: 0.00 secs
Total CPU time to Xst completion: 0.10 secs
 
--> Reading design: udc.prj

TABLE OF CONTENTS
  1) Synthesis Options Summary
  2) HDL Compilation
  3) Design Hierarchy Analysis
  4) HDL Analysis
  5) HDL Synthesis
     5.1) HDL Synthesis Report
  6) Advanced HDL Synthesis
     6.1) Advanced HDL Synthesis Report
  7) Low Level Synthesis
  8) Partition Report
  9) Final Report
	9.1) Device utilization summary
	9.2) Partition Resource Summary
	9.3) TIMING REPORT


=========================================================================
*                      Synthesis Options Summary                        *
=========================================================================
---- Source Parameters
Input File Name                    : "udc.prj"
Input Format                       : mixed
Ignore Synthesis Constraint File   : NO

---- Target Parameters
Output File Name                   : "udc"
Output Format                      : NGC
Target Device                      : xc3s200-4-pq208

---- Source Options
Top Module Name                    : udc
Automatic FSM Extraction           : YES
FSM Encoding Algorithm             : Auto
Safe Implementation                : No
FSM Style                          : LUT
RAM Extraction                     : Yes
RAM Style                          : Auto
ROM Extraction                     : Yes
Mux Style                          : Auto
Decoder Extraction                 : YES
Priority Encoder Extraction        : Yes
Shift Register Extraction          : YES
Logical Shifter Extraction         : YES
XOR Collapsing                     : YES
ROM Style                          : Auto
Mux Extraction                     : Yes
Resource Sharing                   : YES
Asynchronous To Synchronous        : NO
Multiplier Style                   : Auto
Automatic Register Balancing       : No

---- Target Options
Add IO Buffers                     : YES
Global Maximum Fanout              : 100000
Add Generic Clock Buffer(BUFG)     : 8
Register Duplication               : YES
Slice Packing                      : YES
Optimize Instantiated Primitives   : NO
Use Clock Enable                   : Yes
Use Synchronous Set                : Yes
Use Synchronous Reset              : Yes
Pack IO Registers into IOBs        : Auto
Equivalent register Removal        : YES

---- General Options
Optimization Goal                  : Speed
Optimization Effort                : 1
Keep Hierarchy                     : No
Netlist Hierarchy                  : As_Optimized
RTL Output                         : Yes
Global Optimization                : AllClockNets
Read Cores                         : YES
Write Timing Constraints           : NO
Cross Clock Analysis               : NO
Hierarchy Separator                : /
Bus Delimiter                      : <>
Case Specifier                     : Maintain
Slice Utilization Ratio            : 100
BRAM Utilization Ratio             : 100
Verilog 2001                       : YES
Auto BRAM Packing                  : NO
Slice Utilization Ratio Delta      : 5

=========================================================================


=========================================================================
*                          HDL Compilation                              *
=========================================================================
Compiling verilog file "udc.v" in library work
Module <udc> compiled
No errors in compilation
Analysis of file <"udc.prj"> succeeded.
 

=========================================================================
*                     Design Hierarchy Analysis                         *
=========================================================================
Analyzing hierarchy for module <udc> in library <work>.


=========================================================================
*                            HDL Analysis                               *
=========================================================================
Analyzing top module <udc>.
Module <udc> is correct for synthesis.
 

=========================================================================
*                           HDL Synthesis                               *
=========================================================================

Performing bidirectional port resolution...

Synthesizing Unit <udc>.
    Related source file is "udc.v".
    Found 16x7-bit ROM for signal <decode$mux0000> created at line 74.
    Found 1-bit register for signal <brw>.
    Found 1-bit register for signal <cry>.
    Found 7-bit register for signal <decode>.
    Found 1-bit register for signal <en>.
    Found 4-bit addsub for signal <old_out_1$share0000>.
    Found 4-bit register for signal <out>.
    Summary:
	inferred   1 ROM(s).
	inferred  14 D-type flip-flop(s).
	inferred   1 Adder/Subtractor(s).
Unit <udc> synthesized.

INFO:Xst:1767 - HDL ADVISOR - Resource sharing has identified that some arithmetic operations in this design can share the same physical resources for reduced device utilization. For improved clock frequency you may try to disable resource sharing.

=========================================================================
HDL Synthesis Report

Macro Statistics
# ROMs                                                 : 1
 16x7-bit ROM                                          : 1
# Adders/Subtractors                                   : 1
 4-bit addsub                                          : 1
# Registers                                            : 5
 1-bit register                                        : 3
 4-bit register                                        : 1
 7-bit register                                        : 1

=========================================================================

=========================================================================
*                       Advanced HDL Synthesis                          *
=========================================================================


Synthesizing (advanced) Unit <udc>.
INFO:Xst:3034 - In order to maximize performance and save block RAM resources, the small ROM <Mrom_decode_mux0000> will be implemented on LUT. If you want to force its implementation on block, use option/constraint rom_style.
Unit <udc> synthesized (advanced).

=========================================================================
Advanced HDL Synthesis Report

Macro Statistics
# ROMs                                                 : 1
 16x7-bit ROM                                          : 1
# Adders/Subtractors                                   : 1
 4-bit addsub                                          : 1
# Registers                                            : 14
 Flip-Flops                                            : 14

=========================================================================

=========================================================================
*                         Low Level Synthesis                           *
=========================================================================

Optimizing unit <udc> ...

Mapping all equations...
Building and optimizing final netlist ...
Found area constraint ratio of 100 (+ 5) on block udc, actual ratio is 1.

Final Macro Processing ...

=========================================================================
Final Register Report

Macro Statistics
# Registers                                            : 14
 Flip-Flops                                            : 14

=========================================================================

=========================================================================
*                           Partition Report                            *
=========================================================================

Partition Implementation Status
-------------------------------

  No Partitions were found in this design.

-------------------------------

=========================================================================
*                            Final Report                               *
=========================================================================
Final Results
RTL Top Level Output File Name     : udc.ngr
Top Level Output File Name         : udc
Output Format                      : NGC
Optimization Goal                  : Speed
Keep Hierarchy                     : No

Design Statistics
# IOs                              : 18

Cell Usage :
# BELS                             : 52
#      LUT2                        : 1
#      LUT2_L                      : 2
#      LUT3                        : 12
#      LUT3_L                      : 2
#      LUT4                        : 25
#      LUT4_D                      : 4
#      LUT4_L                      : 5
#      MUXF5                       : 1
# FlipFlops/Latches                : 14
#      FD                          : 10
#      FDE                         : 2
#      FDS                         : 2
# Clock Buffers                    : 1
#      BUFGP                       : 1
# IO Buffers                       : 17
#      IBUF                        : 8
#      OBUF                        : 9
=========================================================================

Device utilization summary:
---------------------------

Selected Device : 3s200pq208-4 

 Number of Slices:                       27  out of   1920     1%  
 Number of Slice Flip Flops:             14  out of   3840     0%  
 Number of 4 input LUTs:                 51  out of   3840     1%  
 Number of IOs:                          18
 Number of bonded IOBs:                  18  out of    141    12%  
 Number of GCLKs:                         1  out of      8    12%  

---------------------------
Partition Resource Summary:
---------------------------

  No Partitions were found in this design.

---------------------------


=========================================================================
TIMING REPORT

NOTE: THESE TIMING NUMBERS ARE ONLY A SYNTHESIS ESTIMATE.
      FOR ACCURATE TIMING INFORMATION PLEASE REFER TO THE TRACE REPORT
      GENERATED AFTER PLACE-and-ROUTE.

Clock Information:
------------------
-----------------------------------+------------------------+-------+
Clock Signal                       | Clock buffer(FF name)  | Load  |
-----------------------------------+------------------------+-------+
clk                                | BUFGP                  | 14    |
-----------------------------------+------------------------+-------+

Asynchronous Control Signals Information:
----------------------------------------
No asynchronous control signals found in this design

Timing Summary:
---------------
Speed Grade: -4

   Minimum period: 8.695ns (Maximum Frequency: 115.009MHz)
   Minimum input arrival time before clock: 9.529ns
   Maximum output required time after clock: 7.285ns
   Maximum combinational path delay: No path found

Timing Detail:
--------------
All values displayed in nanoseconds (ns)

=========================================================================
Timing constraint: Default period analysis for Clock 'clk'
  Clock period: 8.695ns (frequency: 115.009MHz)
  Total number of paths / destination ports: 641 / 16
-------------------------------------------------------------------------
Delay:               8.695ns (Levels of Logic = 5)
  Source:            out_3 (FF)
  Destination:       decode_0 (FF)
  Source Clock:      clk rising
  Destination Clock: clk rising

  Data Path: out_3 to decode_0
                                Gate     Net
    Cell:in->out      fanout   Delay   Delay  Logical Name (Net Name)
    ----------------------------------------  ------------
     FD:C->Q               4   0.720   1.256  out_3 (out_3)
     LUT4_D:I0->O          2   0.551   0.945  old_out_1_cmp_eq00001 (old_out_1_cmp_eq0000)
     LUT4:I2->O            1   0.551   0.000  _old_out_1<1>41_G (N64)
     MUXF5:I1->O           3   0.360   0.975  _old_out_1<1>41 (N23)
     LUT3_L:I2->LO         1   0.551   0.126  _old_out_1<3>35 (_old_out_1<3>35)
     LUT4:I3->O            8   0.551   1.083  _old_out_1<3>61 (_old_out_1<3>)
     FDS:S                     1.026          decode_0
    ----------------------------------------
    Total                      8.695ns (4.310ns logic, 4.385ns route)
                                       (49.6% logic, 50.4% route)

=========================================================================
Timing constraint: Default OFFSET IN BEFORE for Clock 'clk'
  Total number of paths / destination ports: 545 / 18
-------------------------------------------------------------------------
Offset:              9.529ns (Levels of Logic = 5)
  Source:            resetn (PAD)
  Destination:       decode_0 (FF)
  Destination Clock: clk rising

  Data Path: resetn to decode_0
                                Gate     Net
    Cell:in->out      fanout   Delay   Delay  Logical Name (Net Name)
    ----------------------------------------  ------------
     IBUF:I->O            11   0.821   1.483  resetn_IBUF (resetn_IBUF)
     LUT3:I0->O            1   0.551   1.140  _old_out_1<1>2_SW0_SW0 (N41)
     LUT4_D:I0->O          2   0.551   0.903  _old_out_1<1>21_SW0 (N35)
     LUT4:I3->O            1   0.551   0.869  _old_out_1<3>2 (_old_out_1<3>2)
     LUT4:I2->O            8   0.551   1.083  _old_out_1<3>61 (_old_out_1<3>)
     FDS:S                     1.026          decode_0
    ----------------------------------------
    Total                      9.529ns (4.051ns logic, 5.478ns route)
                                       (42.5% logic, 57.5% route)

=========================================================================
Timing constraint: Default OFFSET OUT AFTER for Clock 'clk'
  Total number of paths / destination ports: 9 / 9
-------------------------------------------------------------------------
Offset:              7.285ns (Levels of Logic = 1)
  Source:            brw (FF)
  Destination:       brw (PAD)
  Source Clock:      clk rising

  Data Path: brw to brw
                                Gate     Net
    Cell:in->out      fanout   Delay   Delay  Logical Name (Net Name)
    ----------------------------------------  ------------
     FDE:C->Q              5   0.720   0.921  brw (brw_OBUF)
     OBUF:I->O                 5.644          brw_OBUF (brw)
    ----------------------------------------
    Total                      7.285ns (6.364ns logic, 0.921ns route)
                                       (87.4% logic, 12.6% route)

=========================================================================


Total REAL time to Xst completion: 5.00 secs
Total CPU time to Xst completion: 4.79 secs
 
--> 

Total memory usage is 256860 kilobytes

Number of errors   :    0 (   0 filtered)
Number of warnings :    0 (   0 filtered)
Number of infos    :    2 (   0 filtered)

