Release 14.2 - xst P.28xd (nt)
Copyright (c) 1995-2012 Xilinx, Inc.  All rights reserved.
--> Parameter TMPDIR set to xst/projnav.tmp


Total REAL time to Xst completion: 1.00 secs
Total CPU time to Xst completion: 1.03 secs
 
--> Parameter xsthdpdir set to xst


Total REAL time to Xst completion: 1.00 secs
Total CPU time to Xst completion: 1.03 secs
 
--> Reading design: piezo.prj

TABLE OF CONTENTS
  1) Synthesis Options Summary
  2) HDL Compilation
  3) Design Hierarchy Analysis
  4) HDL Analysis
  5) HDL Synthesis
     5.1) HDL Synthesis Report
  6) Advanced HDL Synthesis
     6.1) Advanced HDL Synthesis Report
  7) Low Level Synthesis
  8) Partition Report
  9) Final Report
	9.1) Device utilization summary
	9.2) Partition Resource Summary
	9.3) TIMING REPORT


=========================================================================
*                      Synthesis Options Summary                        *
=========================================================================
---- Source Parameters
Input File Name                    : "piezo.prj"
Input Format                       : mixed
Ignore Synthesis Constraint File   : NO

---- Target Parameters
Output File Name                   : "piezo"
Output Format                      : NGC
Target Device                      : xc3s200-4-pq208

---- Source Options
Top Module Name                    : piezo
Automatic FSM Extraction           : YES
FSM Encoding Algorithm             : Auto
Safe Implementation                : No
FSM Style                          : LUT
RAM Extraction                     : Yes
RAM Style                          : Auto
ROM Extraction                     : Yes
Mux Style                          : Auto
Decoder Extraction                 : YES
Priority Encoder Extraction        : Yes
Shift Register Extraction          : YES
Logical Shifter Extraction         : YES
XOR Collapsing                     : YES
ROM Style                          : Auto
Mux Extraction                     : Yes
Resource Sharing                   : YES
Asynchronous To Synchronous        : NO
Multiplier Style                   : Auto
Automatic Register Balancing       : No

---- Target Options
Add IO Buffers                     : YES
Global Maximum Fanout              : 500
Add Generic Clock Buffer(BUFG)     : 8
Register Duplication               : YES
Slice Packing                      : YES
Optimize Instantiated Primitives   : NO
Use Clock Enable                   : Yes
Use Synchronous Set                : Yes
Use Synchronous Reset              : Yes
Pack IO Registers into IOBs        : Auto
Equivalent register Removal        : YES

---- General Options
Optimization Goal                  : Speed
Optimization Effort                : 1
Keep Hierarchy                     : No
Netlist Hierarchy                  : As_Optimized
RTL Output                         : Yes
Global Optimization                : AllClockNets
Read Cores                         : YES
Write Timing Constraints           : NO
Cross Clock Analysis               : NO
Hierarchy Separator                : /
Bus Delimiter                      : <>
Case Specifier                     : Maintain
Slice Utilization Ratio            : 100
BRAM Utilization Ratio             : 100
Verilog 2001                       : YES
Auto BRAM Packing                  : NO
Slice Utilization Ratio Delta      : 5

=========================================================================


=========================================================================
*                          HDL Compilation                              *
=========================================================================
Compiling verilog file "piezo.v" in library work
Module <piezo> compiled
No errors in compilation
Analysis of file <"piezo.prj"> succeeded.
 

=========================================================================
*                     Design Hierarchy Analysis                         *
=========================================================================
Analyzing hierarchy for module <piezo> in library <work>.


=========================================================================
*                            HDL Analysis                               *
=========================================================================
Analyzing top module <piezo>.
Module <piezo> is correct for synthesis.
 

=========================================================================
*                           HDL Synthesis                               *
=========================================================================

Performing bidirectional port resolution...

Synthesizing Unit <piezo>.
    Related source file is "piezo.v".
    Found 1-bit register for signal <piezo>.
    Found 33-bit comparator greatequal for signal <piezo$cmp_ge0000> created at line 34.
    Found 32-bit up counter for signal <sound>.
    Summary:
	inferred   1 Counter(s).
	inferred   1 D-type flip-flop(s).
	inferred   1 Comparator(s).
Unit <piezo> synthesized.


=========================================================================
HDL Synthesis Report

Macro Statistics
# Counters                                             : 1
 32-bit up counter                                     : 1
# Registers                                            : 1
 1-bit register                                        : 1
# Comparators                                          : 1
 33-bit comparator greatequal                          : 1

=========================================================================

=========================================================================
*                       Advanced HDL Synthesis                          *
=========================================================================


=========================================================================
Advanced HDL Synthesis Report

Macro Statistics
# Counters                                             : 1
 32-bit up counter                                     : 1
# Registers                                            : 1
 Flip-Flops                                            : 1
# Comparators                                          : 1
 33-bit comparator greatequal                          : 1

=========================================================================

=========================================================================
*                         Low Level Synthesis                           *
=========================================================================

Optimizing unit <piezo> ...

Mapping all equations...
Building and optimizing final netlist ...
Found area constraint ratio of 100 (+ 5) on block piezo, actual ratio is 1.

Final Macro Processing ...

=========================================================================
Final Register Report

Macro Statistics
# Registers                                            : 33
 Flip-Flops                                            : 33

=========================================================================

=========================================================================
*                           Partition Report                            *
=========================================================================

Partition Implementation Status
-------------------------------

  No Partitions were found in this design.

-------------------------------

=========================================================================
*                            Final Report                               *
=========================================================================
Final Results
RTL Top Level Output File Name     : piezo.ngr
Top Level Output File Name         : piezo
Output Format                      : NGC
Optimization Goal                  : Speed
Keep Hierarchy                     : No

Design Statistics
# IOs                              : 3

Cell Usage :
# BELS                             : 124
#      GND                         : 1
#      INV                         : 7
#      LUT3                        : 35
#      LUT4                        : 5
#      MUXCY                       : 43
#      VCC                         : 1
#      XORCY                       : 32
# FlipFlops/Latches                : 33
#      FDC                         : 32
#      FDCE                        : 1
# Clock Buffers                    : 1
#      BUFGP                       : 1
# IO Buffers                       : 2
#      IBUF                        : 1
#      OBUF                        : 1
=========================================================================

Device utilization summary:
---------------------------

Selected Device : 3s200pq208-4 

 Number of Slices:                       23  out of   1920     1%  
 Number of Slice Flip Flops:             33  out of   3840     0%  
 Number of 4 input LUTs:                 47  out of   3840     1%  
 Number of IOs:                           3
 Number of bonded IOBs:                   3  out of    141     2%  
 Number of GCLKs:                         1  out of      8    12%  

---------------------------
Partition Resource Summary:
---------------------------

  No Partitions were found in this design.

---------------------------


=========================================================================
TIMING REPORT

NOTE: THESE TIMING NUMBERS ARE ONLY A SYNTHESIS ESTIMATE.
      FOR ACCURATE TIMING INFORMATION PLEASE REFER TO THE TRACE REPORT
      GENERATED AFTER PLACE-and-ROUTE.

Clock Information:
------------------
-----------------------------------+------------------------+-------+
Clock Signal                       | Clock buffer(FF name)  | Load  |
-----------------------------------+------------------------+-------+
clk                                | BUFGP                  | 33    |
-----------------------------------+------------------------+-------+

Asynchronous Control Signals Information:
----------------------------------------
-----------------------------------+------------------------+-------+
Control Signal                     | Buffer(FF name)        | Load  |
-----------------------------------+------------------------+-------+
reset_inv(reset_inv1_INV_0:O)      | NONE(piezo)            | 33    |
-----------------------------------+------------------------+-------+

Timing Summary:
---------------
Speed Grade: -4

   Minimum period: 10.216ns (Maximum Frequency: 97.890MHz)
   Minimum input arrival time before clock: No path found
   Maximum output required time after clock: 7.241ns
   Maximum combinational path delay: No path found

Timing Detail:
--------------
All values displayed in nanoseconds (ns)

=========================================================================
Timing constraint: Default period analysis for Clock 'clk'
  Clock period: 10.216ns (frequency: 97.890MHz)
  Total number of paths / destination ports: 19042 / 34
-------------------------------------------------------------------------
Delay:               10.216ns (Levels of Logic = 46)
  Source:            sound_0 (FF)
  Destination:       sound_31 (FF)
  Source Clock:      clk rising
  Destination Clock: clk rising

  Data Path: sound_0 to sound_31
                                Gate     Net
    Cell:in->out      fanout   Delay   Delay  Logical Name (Net Name)
    ----------------------------------------  ------------
     FDC:C->Q              2   0.720   1.216  sound_0 (sound_0)
     LUT3:I0->O            1   0.551   0.000  Mcompar_piezo_cmp_ge0000_lut<0> (Mcompar_piezo_cmp_ge0000_lut<0>)
     MUXCY:S->O            1   0.500   0.000  Mcompar_piezo_cmp_ge0000_cy<0> (Mcompar_piezo_cmp_ge0000_cy<0>)
     MUXCY:CI->O           1   0.064   0.000  Mcompar_piezo_cmp_ge0000_cy<1> (Mcompar_piezo_cmp_ge0000_cy<1>)
     MUXCY:CI->O           1   0.064   0.000  Mcompar_piezo_cmp_ge0000_cy<2> (Mcompar_piezo_cmp_ge0000_cy<2>)
     MUXCY:CI->O           1   0.064   0.000  Mcompar_piezo_cmp_ge0000_cy<3> (Mcompar_piezo_cmp_ge0000_cy<3>)
     MUXCY:CI->O           1   0.064   0.000  Mcompar_piezo_cmp_ge0000_cy<4> (Mcompar_piezo_cmp_ge0000_cy<4>)
     MUXCY:CI->O           1   0.064   0.000  Mcompar_piezo_cmp_ge0000_cy<5> (Mcompar_piezo_cmp_ge0000_cy<5>)
     MUXCY:CI->O           1   0.064   0.000  Mcompar_piezo_cmp_ge0000_cy<6> (Mcompar_piezo_cmp_ge0000_cy<6>)
     MUXCY:CI->O           1   0.064   0.000  Mcompar_piezo_cmp_ge0000_cy<7> (Mcompar_piezo_cmp_ge0000_cy<7>)
     MUXCY:CI->O           1   0.064   0.000  Mcompar_piezo_cmp_ge0000_cy<8> (Mcompar_piezo_cmp_ge0000_cy<8>)
     MUXCY:CI->O           1   0.064   0.000  Mcompar_piezo_cmp_ge0000_cy<9> (Mcompar_piezo_cmp_ge0000_cy<9>)
     MUXCY:CI->O           1   0.064   0.000  Mcompar_piezo_cmp_ge0000_cy<10> (Mcompar_piezo_cmp_ge0000_cy<10>)
     MUXCY:CI->O          34   0.281   1.865  Mcompar_piezo_cmp_ge0000_cy<11> (piezo_cmp_ge0000)
     INV:I->O              1   0.551   0.801  piezo_cmp_ge0000_inv1_INV_0 (piezo_cmp_ge0000_inv)
     MUXCY:CI->O           1   0.064   0.000  Mcount_sound_cy<0> (Mcount_sound_cy<0>)
     MUXCY:CI->O           1   0.064   0.000  Mcount_sound_cy<1> (Mcount_sound_cy<1>)
     MUXCY:CI->O           1   0.064   0.000  Mcount_sound_cy<2> (Mcount_sound_cy<2>)
     MUXCY:CI->O           1   0.064   0.000  Mcount_sound_cy<3> (Mcount_sound_cy<3>)
     MUXCY:CI->O           1   0.064   0.000  Mcount_sound_cy<4> (Mcount_sound_cy<4>)
     MUXCY:CI->O           1   0.064   0.000  Mcount_sound_cy<5> (Mcount_sound_cy<5>)
     MUXCY:CI->O           1   0.064   0.000  Mcount_sound_cy<6> (Mcount_sound_cy<6>)
     MUXCY:CI->O           1   0.064   0.000  Mcount_sound_cy<7> (Mcount_sound_cy<7>)
     MUXCY:CI->O           1   0.064   0.000  Mcount_sound_cy<8> (Mcount_sound_cy<8>)
     MUXCY:CI->O           1   0.064   0.000  Mcount_sound_cy<9> (Mcount_sound_cy<9>)
     MUXCY:CI->O           1   0.064   0.000  Mcount_sound_cy<10> (Mcount_sound_cy<10>)
     MUXCY:CI->O           1   0.064   0.000  Mcount_sound_cy<11> (Mcount_sound_cy<11>)
     MUXCY:CI->O           1   0.064   0.000  Mcount_sound_cy<12> (Mcount_sound_cy<12>)
     MUXCY:CI->O           1   0.064   0.000  Mcount_sound_cy<13> (Mcount_sound_cy<13>)
     MUXCY:CI->O           1   0.064   0.000  Mcount_sound_cy<14> (Mcount_sound_cy<14>)
     MUXCY:CI->O           1   0.064   0.000  Mcount_sound_cy<15> (Mcount_sound_cy<15>)
     MUXCY:CI->O           1   0.064   0.000  Mcount_sound_cy<16> (Mcount_sound_cy<16>)
     MUXCY:CI->O           1   0.064   0.000  Mcount_sound_cy<17> (Mcount_sound_cy<17>)
     MUXCY:CI->O           1   0.064   0.000  Mcount_sound_cy<18> (Mcount_sound_cy<18>)
     MUXCY:CI->O           1   0.064   0.000  Mcount_sound_cy<19> (Mcount_sound_cy<19>)
     MUXCY:CI->O           1   0.064   0.000  Mcount_sound_cy<20> (Mcount_sound_cy<20>)
     MUXCY:CI->O           1   0.064   0.000  Mcount_sound_cy<21> (Mcount_sound_cy<21>)
     MUXCY:CI->O           1   0.064   0.000  Mcount_sound_cy<22> (Mcount_sound_cy<22>)
     MUXCY:CI->O           1   0.064   0.000  Mcount_sound_cy<23> (Mcount_sound_cy<23>)
     MUXCY:CI->O           1   0.064   0.000  Mcount_sound_cy<24> (Mcount_sound_cy<24>)
     MUXCY:CI->O           1   0.064   0.000  Mcount_sound_cy<25> (Mcount_sound_cy<25>)
     MUXCY:CI->O           1   0.064   0.000  Mcount_sound_cy<26> (Mcount_sound_cy<26>)
     MUXCY:CI->O           1   0.064   0.000  Mcount_sound_cy<27> (Mcount_sound_cy<27>)
     MUXCY:CI->O           1   0.064   0.000  Mcount_sound_cy<28> (Mcount_sound_cy<28>)
     MUXCY:CI->O           1   0.064   0.000  Mcount_sound_cy<29> (Mcount_sound_cy<29>)
     MUXCY:CI->O           0   0.064   0.000  Mcount_sound_cy<30> (Mcount_sound_cy<30>)
     XORCY:CI->O           1   0.904   0.000  Mcount_sound_xor<31> (Mcount_sound31)
     FDC:D                     0.203          sound_31
    ----------------------------------------
    Total                     10.216ns (6.334ns logic, 3.882ns route)
                                       (62.0% logic, 38.0% route)

=========================================================================
Timing constraint: Default OFFSET OUT AFTER for Clock 'clk'
  Total number of paths / destination ports: 1 / 1
-------------------------------------------------------------------------
Offset:              7.241ns (Levels of Logic = 1)
  Source:            piezo (FF)
  Destination:       piezo (PAD)
  Source Clock:      clk rising

  Data Path: piezo to piezo
                                Gate     Net
    Cell:in->out      fanout   Delay   Delay  Logical Name (Net Name)
    ----------------------------------------  ------------
     FDCE:C->Q             2   0.720   0.877  piezo (piezo_OBUF)
     OBUF:I->O                 5.644          piezo_OBUF (piezo)
    ----------------------------------------
    Total                      7.241ns (6.364ns logic, 0.877ns route)
                                       (87.9% logic, 12.1% route)

=========================================================================


Total REAL time to Xst completion: 24.00 secs
Total CPU time to Xst completion: 23.92 secs
 
--> 

Total memory usage is 147944 kilobytes

Number of errors   :    0 (   0 filtered)
Number of warnings :    0 (   0 filtered)
Number of infos    :    0 (   0 filtered)

